{"url":"mongodb://localhost:27017","dbname":"nuage-metrics","level":"info","message":"Connected to mongoDB"}
{"url":"mongodb://localhost:27017","dbname":"nuage-metrics","level":"info","message":"Connected to mongoDB"}
{"url":"mongodb://localhost:27017","dbname":"nuage-metrics","level":"info","message":"Connected to mongoDB"}
{"url":"mongodb://localhost:27017","dbname":"nuage-metrics","level":"info","message":"Connected to mongoDB"}
{"port":3002,"level":"info","message":"Listening to incoming request"}
{"url":"mongodb://localhost:27017","dbname":"nuage-metrics","level":"info","message":"Connected to mongoDB"}
{"port":3002,"level":"info","message":"Listening to incoming request"}
{"url":"mongodb://localhost:27017","dbname":"nuage-metrics","level":"info","message":"Connected to mongoDB"}
{"port":3002,"level":"info","message":"Listening to incoming request"}
{"url":"mongodb://localhost:27017","dbname":"nuage-metrics","level":"info","message":"Connected to mongoDB"}
{"port":3002,"level":"info","message":"Listening to incoming request"}
{"url":"mongodb://localhost:27017","dbname":"nuage-metrics","level":"info","message":"Connected to mongoDB"}
{"port":3002,"level":"info","message":"Listening to incoming request"}
{"url":"mongodb://localhost:27017","dbname":"nuage-metrics","level":"info","message":"Connected to mongoDB"}
{"port":3002,"level":"info","message":"Listening to incoming request"}
{"level":"info","message":"Register user"}
{"url":"mongodb://localhost:27017","dbname":"nuage-metrics","level":"info","message":"Connected to mongoDB"}
{"port":3002,"level":"info","message":"Listening to incoming request"}
{"level":"info","message":"Register user"}
{"url":"mongodb://localhost:27017","dbname":"nuage-metrics","level":"info","message":"Connected to mongoDB"}
{"port":3002,"level":"info","message":"Listening to incoming request"}
{"level":"info","message":"Register user"}
{"url":"mongodb://localhost:27017","dbname":"nuage-metrics","level":"info","message":"Connected to mongoDB"}
{"port":3002,"level":"info","message":"Listening to incoming request"}
{"level":"info","message":"Register user"}
{"url":"mongodb://localhost:27017","dbname":"nuage-metrics","level":"info","message":"Connected to mongoDB"}
{"port":3002,"level":"info","message":"Listening to incoming request"}
{"url":"mongodb://localhost:27017","dbname":"nuage-metrics","level":"info","message":"Connected to mongoDB"}
{"port":3002,"level":"info","message":"Listening to incoming request"}
{"level":"info","message":"Register user"}
{"url":"mongodb://localhost:27017","dbname":"nuage-metrics","level":"info","message":"Connected to mongoDB"}
{"port":3002,"level":"info","message":"Listening to incoming request"}
{"level":"info","message":"Register user"}
{"url":"mongodb://localhost:27017","dbname":"nuage-metrics","level":"info","message":"Connected to mongoDB"}
{"port":3002,"level":"info","message":"Listening to incoming request"}
{"level":"info","message":"Register user"}
{"url":"mongodb://localhost:27017","dbname":"nuage-metrics","level":"info","message":"Connected to mongoDB"}
{"port":3002,"level":"info","message":"Listening to incoming request"}
{"level":"info","message":"Register user"}
{"email":"hello@adrienmorel.co","level":"info","message":"Register user"}
{"url":"mongodb://localhost:27017","dbname":"nuage-metrics","level":"info","message":"Connected to mongoDB"}
{"port":3002,"level":"info","message":"Listening to incoming request"}
{"url":"mongodb://localhost:27017","dbname":"nuage-metrics","level":"info","message":"Connected to mongoDB"}
{"port":3002,"level":"info","message":"Listening to incoming request"}
{"email":"hello@adrienmorel.co","level":"info","message":"Register user"}
{"url":"mongodb://localhost:27017","dbname":"nuage-metrics","level":"info","message":"Connected to mongoDB"}
{"port":3002,"level":"info","message":"Listening to incoming request"}
{"url":"mongodb://localhost:27017","dbname":"nuage-metrics","level":"info","message":"Connected to mongoDB"}
{"port":3002,"level":"info","message":"Listening to incoming request"}
{"url":"mongodb://localhost:27017","dbname":"nuage-metrics","level":"info","message":"Connected to mongoDB"}
{"port":3002,"level":"info","message":"Listening to incoming request"}
{"url":"mongodb://localhost:27017","dbname":"nuage-metrics","level":"info","message":"Connected to mongoDB"}
{"port":3002,"level":"info","message":"Listening to incoming request"}
{"url":"mongodb://localhost:27017","dbname":"nuage-metrics","level":"info","message":"Connected to mongoDB"}
{"port":3002,"level":"info","message":"Listening to incoming request"}
{"url":"mongodb://localhost:27017","dbname":"nuage-metrics","level":"info","message":"Connected to mongoDB"}
{"port":3002,"level":"info","message":"Listening to incoming request"}
{"url":"mongodb://localhost:27017","dbname":"nuage-metrics","level":"info","message":"Connected to mongoDB"}
{"port":3002,"level":"info","message":"Listening to incoming request"}
{"url":"mongodb://localhost:27017","dbname":"nuage-metrics","level":"info","message":"Connected to mongoDB"}
{"port":3002,"level":"info","message":"Listening to incoming request"}
{"url":"mongodb://localhost:27017","dbname":"nuage-metrics","level":"info","message":"Connected to mongoDB"}
{"port":3002,"level":"info","message":"Listening to incoming request"}
{"url":"mongodb://localhost:27017","dbname":"nuage-metrics","level":"info","message":"Connected to mongoDB"}
{"port":3002,"level":"info","message":"Listening to incoming request"}
{"message":"uh","level":"info"}
{"url":"mongodb://localhost:27017","dbname":"nuage-metrics","level":"info","message":"Connected to mongoDB"}
{"port":3002,"level":"info","message":"Listening to incoming request"}
{"url":"mongodb://localhost:27017","dbname":"nuage-metrics","level":"info","message":"Connected to mongoDB"}
{"port":3002,"level":"info","message":"Listening to incoming request"}
{"url":"mongodb://localhost:27017","dbname":"nuage-metrics","level":"info","message":"Connected to mongoDB"}
{"port":3002,"level":"info","message":"Listening to incoming request"}
{"url":"mongodb://localhost:27017","dbname":"nuage-metrics","level":"info","message":"Connected to mongoDB"}
{"port":3002,"level":"info","message":"Listening to incoming request"}
{"url":"mongodb://localhost:27017","dbname":"nuage-metrics","level":"info","message":"Connected to mongoDB"}
{"port":3002,"level":"info","message":"Listening to incoming request"}
{"url":"mongodb://localhost:27017","dbname":"nuage-metrics","level":"info","message":"Connected to mongoDB"}
{"port":3002,"level":"info","message":"Listening to incoming request"}
{"url":"mongodb://localhost:27017","dbname":"nuage-metrics","level":"info","message":"Connected to mongoDB"}
{"port":3002,"level":"info","message":"Listening to incoming request"}
{"url":"mongodb://localhost:27017","dbname":"nuage-metrics","level":"info","message":"Connected to mongoDB"}
{"port":3002,"level":"info","message":"Listening to incoming request"}
{"url":"mongodb://localhost:27017","dbname":"nuage-metrics","level":"info","message":"Connected to mongoDB"}
{"port":3002,"level":"info","message":"Listening to incoming request"}
{"url":"mongodb://localhost:27017","dbname":"nuage-metrics","level":"info","message":"Connected to mongoDB"}
{"port":3002,"level":"info","message":"Listening to incoming request"}
{"url":"mongodb://localhost:27017","dbname":"nuage-metrics","level":"info","message":"Connected to mongoDB"}
{"port":3002,"level":"info","message":"Listening to incoming request"}
{"url":"mongodb://localhost:27017","dbname":"nuage-metrics","level":"info","message":"Connected to mongoDB"}
{"port":3002,"level":"info","message":"Listening to incoming request"}
{"url":"mongodb://localhost:27017","dbname":"nuage-metrics","level":"info","message":"Connected to mongoDB"}
{"port":3002,"level":"info","message":"Listening to incoming request"}
{"url":"mongodb://localhost:27017","dbname":"nuage-metrics","level":"info","message":"Connected to mongoDB"}
{"port":3002,"level":"info","message":"Listening to incoming request"}
{"url":"mongodb://localhost:27017","dbname":"nuage-metrics","level":"info","message":"Connected to mongoDB"}
{"port":3002,"level":"info","message":"Listening to incoming request"}
{"url":"mongodb://localhost:27017","dbname":"nuage-metrics","level":"info","message":"Connected to mongoDB"}
{"port":3002,"level":"info","message":"Listening to incoming request"}
{"url":"mongodb://localhost:27017","dbname":"nuage-metrics","level":"info","message":"Connected to mongoDB"}
{"port":3002,"level":"info","message":"Listening to incoming request"}
{"url":"mongodb://localhost:27017","dbname":"nuage-metrics","level":"info","message":"Connected to mongoDB"}
{"port":3002,"level":"info","message":"Listening to incoming request"}
{"url":"mongodb://localhost:27017","dbname":"nuage-metrics","level":"info","message":"Connected to mongoDB"}
{"port":3002,"level":"info","message":"Listening to incoming request"}
{"url":"mongodb://localhost:27017","dbname":"nuage-metrics","level":"info","message":"Connected to mongoDB"}
{"port":3003,"level":"info","message":"Listening to incoming request"}
{"level":"info","message":"Register user"}
{"url":"mongodb://localhost:27017","dbname":"nuage-metrics","level":"info","message":"Connected to mongoDB"}
{"port":3003,"level":"info","message":"Listening to incoming request"}
{"level":"info","message":"Register user"}
